This file contains any messages produced by compilers while
running configure, to aid debugging if configure makes a mistake.

It was created by OpenJDK configure openjdk, which was
generated by GNU Autoconf 2.69.  Invocation command line was

  $ /home1/private/perpap/teraheap/jdk17u067/configure --enable-option-checking=fatal --with-debug-level=release --disable-warnings-as-errors --enable-ccache --with-jobs=160 --with-extra-cflags=-O3 -I/home1/private/perpap/teraheap/jdk17u067/../allocator/include -I/home1/private/perpap/teraheap/jdk17u067/../tera_malloc/include --with-extra-cxxflags=-O3 -I/home1/private/perpap/teraheap/jdk17u067/../allocator/include -I/home1/private/perpap/teraheap/jdk17u067/../tera_malloc/include --with-target-bits=64 --with-boot-jdk=/spare/openjdk/jdk16/jdk-16.0.2+7

## --------- ##
## Platform. ##
## --------- ##

hostname = ampere.cluster.ics.forth.gr
uname -m = aarch64
uname -r = 4.18.0-348.7.1.el8_5.aarch64
uname -s = Linux
uname -v = #1 SMP Wed Dec 22 13:24:11 UTC 2021

/usr/bin/uname -p = aarch64
/bin/uname -X     = unknown

/bin/arch              = aarch64
/usr/bin/arch -k       = unknown
/usr/convex/getsysinfo = unknown
/usr/bin/hostinfo      = unknown
/bin/machine           = unknown
/usr/bin/oslevel       = unknown
/bin/universe          = unknown

PATH: /home1/private/perpap/teraheap/jdk17u067/../tera_malloc/include
PATH: /home1/private/perpap/teraheap/jdk17u067/../allocator/include
PATH: /home1/private/perpap/teraheap/allocator/include/
PATH: /home1/private/perpap/teraheap/allocator/include/
PATH: /home1/private/perpap/teraheap/allocator/include/
PATH: /home1/private/perpap/teraheap/allocator/include/
PATH: /usr/share/Modules/bin
PATH: /usr/local/bin
PATH: /usr/bin
PATH: /usr/local/sbin
PATH: /usr/sbin
PATH: /home1/private/perpap/bin


## ----------- ##
## Core tests. ##
## ----------- ##

configure:6233: Configuration created at Tue Nov 14 17:01:22 CET 2023.
configure:6242: checking for basename
configure:6260: found /usr/bin/basename
configure:6272: result: /usr/bin/basename
configure:6292: checking for dirname
configure:6310: found /usr/bin/dirname
configure:6322: result: /usr/bin/dirname
configure:6342: checking for file
configure:6360: found /usr/bin/file
configure:6372: result: /usr/bin/file
configure:6392: checking for ldd
configure:6410: found /usr/bin/ldd
configure:6422: result: /usr/bin/ldd
configure:6717: checking for bash
configure:6945: result: /usr/bin/bash
configure:7085: checking for cat
configure:7313: result: /usr/bin/cat
configure:7718: checking for chmod
configure:7946: result: /usr/bin/chmod
configure:8351: checking for cp
configure:8579: result: /usr/bin/cp
configure:8984: checking for cut
configure:9212: result: /usr/bin/cut
configure:9617: checking for date
configure:9845: result: /usr/bin/date
configure:10250: checking for gdiff
configure:10485: result: [not found]
configure:10250: checking for diff
configure:10478: result: /usr/bin/diff
configure:10883: checking for echo
configure:10891: result: echo [builtin]
configure:11516: checking for expr
configure:11744: result: /usr/bin/expr
configure:12149: checking for find
configure:12377: result: /usr/bin/find
configure:12782: checking for gunzip
configure:13010: result: /usr/bin/gunzip
configure:13415: checking for pigz
configure:13643: result: /usr/bin/pigz
configure:14048: checking for head
configure:14276: result: /usr/bin/head
configure:14681: checking for ln
configure:14909: result: /usr/bin/ln
configure:15314: checking for ls
configure:15542: result: /usr/bin/ls
configure:15948: checking for gmkdir
configure:16183: result: [not found]
configure:15948: checking for mkdir
configure:16176: result: /usr/bin/mkdir
configure:16581: checking for mktemp
configure:16809: result: /usr/bin/mktemp
configure:17214: checking for mv
configure:17442: result: /usr/bin/mv
configure:17847: checking for gawk
configure:18075: result: /usr/bin/gawk
configure:18480: checking for printf
configure:18488: result: printf [builtin]
configure:19113: checking for rm
configure:19341: result: /usr/bin/rm
configure:19746: checking for rmdir
configure:19974: result: /usr/bin/rmdir
configure:20379: checking for sh
configure:20607: result: /usr/bin/sh
configure:21012: checking for sort
configure:21240: result: /usr/bin/sort
configure:21645: checking for tail
configure:21873: result: /usr/bin/tail
configure:22278: checking for gtar
configure:22506: result: /usr/bin/gtar
configure:22911: checking for tee
configure:23139: result: /usr/bin/tee
configure:23544: checking for touch
configure:23772: result: /usr/bin/touch
configure:24177: checking for tr
configure:24405: result: /usr/bin/tr
configure:24810: checking for uname
configure:25038: result: /usr/bin/uname
configure:25443: checking for wc
configure:25671: result: /usr/bin/wc
configure:26076: checking for xargs
configure:26304: result: /usr/bin/xargs
configure:26701: checking for grep that handles long lines and -e
configure:26759: result: /usr/bin/grep
configure:26956: checking for egrep
configure:27018: result: /usr/bin/grep -E
configure:27219: checking for fgrep
configure:27281: result: /usr/bin/grep -F
configure:27482: checking for a sed that does not truncate output
configure:27546: result: /usr/bin/sed
configure:27760: checking for df
configure:27988: result: /usr/bin/df
configure:28386: checking for nice
configure:28614: result: /usr/bin/nice
configure:29012: checking for greadlink
configure:29247: result: [not found]
configure:29012: checking for readlink
configure:29240: result: /usr/bin/readlink
configure:29640: checking for cygpath
configure:29875: result: [not found]
configure:29640: checking for wslpath
configure:29875: result: [not found]
configure:30266: checking for lsb_release
configure:30501: result: [not found]
configure:30892: checking for cmd.exe
configure:31127: result: [not found]
configure:31520: checking for cmp
configure:31748: result: /usr/bin/cmp
configure:32146: checking for uniq
configure:32374: result: /usr/bin/uniq
configure:32767: checking build system type
configure:32781: result: aarch64-unknown-linux-gnu
configure:32801: checking host system type
configure:32814: result: aarch64-unknown-linux-gnu
configure:32834: checking target system type
configure:32847: result: aarch64-unknown-linux-gnu
configure:33152: checking openjdk-build os-cpu
configure:33154: result: linux-aarch64
configure:33158: checking openjdk-build C library
configure:33160: result: gnu
configure:33426: checking openjdk-target os-cpu
configure:33428: result: linux-aarch64
configure:33432: checking openjdk-target C library
configure:33434: result: gnu
configure:33477: --with-target-bits are set to build platform address size; argument has no meaning
configure:33485: checking compilation type
configure:33487: result: native
configure:34172: checking for top-level directory
configure:34174: result: /home1/private/perpap/teraheap/jdk17u067
configure:34508: checking if custom source is suppressed (openjdk-only)
configure:34546: result: disabled, default
configure:34787: checking for --enable-debug
configure:34825: result: disabled, default
configure:34872: checking which debug level to use
configure:34885: result: release
configure:34943: checking which variants of the JVM to build
configure:34948: result: server
configure:35027: checking if absolute paths should be allowed in the build output
configure:35038: result: no, release build
configure:36029: checking for sysroot
configure:36031: result: 
configure:36033: checking for toolchain path
configure:36035: result: 
configure:36038: checking for extra path
configure:36040: result: 
configure:36056: checking where to store configuration
configure:36065: result: in default location
configure:36125: checking what configuration name to use
configure:36127: result: linux-aarch64-server-release
configure:36259: checking for zypper
configure:36494: result: [not found]
configure:36259: checking for apt-get
configure:36494: result: [not found]
configure:36259: checking for yum
configure:36487: result: /usr/bin/yum
configure:36889: checking for pandoc
configure:37124: result: [not found]
configure:37548: checking for gmake
configure:37776: result: /usr/bin/gmake
configure:38172: Testing potential make at /usr/bin/gmake, found using gmake in PATH
configure:44943: Using GNU make at /usr/bin/gmake (version: GNU Make 4.2.1)
configure: 45233:  checking if make --output-sync is supported
configure: 45240:  result:  yes
configure:45247: checking for make --output-sync value
configure:45325: result: recurse, default
configure:45434: checking if find supports -delete
configure:45455: result: yes
configure:45474: checking what type of tar was found
configure:45476: result: gnu
configure:45501: checking that grep (/usr/bin/grep) -Fx handles empty lines in the pattern list correctly
configure:45512: result: yes
configure:45542: checking for unzip
configure:45770: result: /usr/bin/unzip
configure:46177: checking for zip
configure:46405: result: /usr/bin/zip
configure:46812: checking for greadelf
configure:47047: result: [not found]
configure:46812: checking for readelf
configure:47040: result: /usr/bin/readelf
configure:47438: checking for dot
configure:47666: result: /usr/bin/dot
configure:48064: checking for hg
configure:48299: result: [not found]
configure:48690: checking for git
configure:48918: result: /usr/bin/git
configure:49316: checking for stat
configure:49544: result: /usr/bin/stat
configure:49942: checking for time
configure:49950: result: time [builtin]
configure:50568: checking for flock
configure:50796: result: /usr/bin/flock
configure:51196: checking for dtrace
configure:51424: result: /usr/bin/dtrace
configure:51822: checking for gpatch
configure:52057: result: [not found]
configure:51822: checking for patch
configure:52050: result: /usr/bin/patch
configure:52442: checking if date is a GNU compatible version
configure:52446: result: yes
configure:55634: checking for ulimit
configure:55642: result: ulimit [builtin]
configure:56256: checking bash version
configure:56258: result: 4.4.20
configure:56268: checking if bash supports pipefail
configure:56272: result: yes
configure:56279: checking if bash supports errexit (-e)
configure:56283: result: yes
configure:56343: checking for pkg-config
configure:56361: found /usr/bin/pkg-config
configure:56373: result: /usr/bin/pkg-config
configure:56398: checking pkg-config is at least version 0.9.0
configure:56401: result: yes
configure:56452: checking for default LOG value
configure:56461: result: 
configure:56663: checking if packaged modules are kept
configure:56695: result: enabled, default
configure:57494: checking for version string
configure:57496: result: 17.0.6-internal+0-adhoc.perpap.jdk17u067
configure:57643: Found potential Boot JDK using configure arguments
configure:57956: checking for Boot JDK
configure:57958: result: /spare/openjdk/jdk16/jdk-16.0.2+7
configure:57960: checking Boot JDK version
configure:57965: result: src Unable to map CDS archive -- os::vm_allocation_granularity() expected: 4096 actual: 65536 openjdk version "16.0.2" 2021-07-20 OpenJDK Runtime Environment Temurin-16.0.2+7 (build 16.0.2+7) OpenJDK 64-Bit Server VM Temurin-16.0.2+7 (build 16.0.2+7, mixed mode)
configure:67101: checking for java [Boot JDK]
configure:67111: result: $BOOT_JDK/bin/java
configure:67647: checking for javac [Boot JDK]
configure:67657: result: $BOOT_JDK/bin/javac
configure:68193: checking for javadoc [Boot JDK]
configure:68203: result: $BOOT_JDK/bin/javadoc
configure:68739: checking for jar [Boot JDK]
configure:68749: result: $BOOT_JDK/bin/jar
configure:69284: checking if Boot JDK jar supports --date=TIMESTAMP
configure:69286: result: false
configure:69304: checking if Boot JDK is 32 or 64 bits
configure:69306: result: 64
configure:69310: checking for local Boot JDK Class Data Sharing (CDS)
Check if jvm arg is ok: -XX:+UnlockDiagnosticVMOptions -XX:-VerifySharedSpaces -XX:SharedArchiveFile=/home1/private/perpap/teraheap/jdk17u067/build/linux-aarch64-server-release/configure-support/classes.jsa
Command: /spare/openjdk/jdk16/jdk-16.0.2+7/bin/java -XX:+UnlockDiagnosticVMOptions -XX:-VerifySharedSpaces -XX:SharedArchiveFile=/home1/private/perpap/teraheap/jdk17u067/build/linux-aarch64-server-release/configure-support/classes.jsa -version
configure:69334: result: yes, created
configure:69494: checking for Build JDK
configure:69496: result: yes, will use output dir
configure:69538: checking for docs-reference JDK
configure:69741: result: no, using interim javadoc for the docs-reference targets
configure:69947: checking if we should build headless-only (no GUI)
configure:69985: result: disabled, default
configure:70235: checking if linker should clean out unused code (linktime-gc)
configure:70273: result: disabled, default
configure:70323: checking for graphviz dot
configure:70326: result: yes
configure:70334: checking for pandoc
configure:70340: result: no, cannot generate full docs
configure:70541: checking for --enable-full-docs
configure:70579: result: disabled, from default 'auto'
configure:70634: checking for cacerts file
configure:70637: result: default
configure:70659: checking for cacerts source
configure:70662: result: default
configure:70860: checking for --enable-unlimited-crypto
configure:70892: result: enabled, default
configure:70993: checking for jni library path
configure:70996: result: default
configure: 71353:  checking if static build is available
configure: 71359:  result:  no
configure:71366: checking if static build is enabled
configure:71404: result: disabled, default
configure:71616: Using default toolchain gcc (GNU Compiler Collection)
configure:73351: Will use user supplied compiler CC=gcc-8
configure:73372: checking for gcc-8
configure:73607: result: [not found]
configure:73985: error: User supplied compiler CC=gcc-8 could not be found

## ---------------- ##
## Cache variables. ##
## ---------------- ##

ac_cv_build=aarch64-unknown-linux-gnu
ac_cv_env_ALSA_CFLAGS_set=
ac_cv_env_ALSA_CFLAGS_value=
ac_cv_env_ALSA_LIBS_set=
ac_cv_env_ALSA_LIBS_value=
ac_cv_env_AR_set=
ac_cv_env_AR_value=
ac_cv_env_AS_set=
ac_cv_env_AS_value=
ac_cv_env_AWK_set=
ac_cv_env_AWK_value=
ac_cv_env_BASH_set=set
ac_cv_env_BASH_value=/usr/bin/bash
ac_cv_env_BUILD_AR_set=
ac_cv_env_BUILD_AR_value=
ac_cv_env_BUILD_AS_set=
ac_cv_env_BUILD_AS_value=
ac_cv_env_BUILD_CC_set=
ac_cv_env_BUILD_CC_value=
ac_cv_env_BUILD_CXX_set=
ac_cv_env_BUILD_CXX_value=
ac_cv_env_BUILD_LD_set=
ac_cv_env_BUILD_LD_value=
ac_cv_env_BUILD_NM_set=
ac_cv_env_BUILD_NM_value=
ac_cv_env_BUILD_OBJCOPY_set=
ac_cv_env_BUILD_OBJCOPY_value=
ac_cv_env_BUILD_STRIP_set=
ac_cv_env_BUILD_STRIP_value=
ac_cv_env_CAT_set=
ac_cv_env_CAT_value=
ac_cv_env_CCACHE_set=
ac_cv_env_CCACHE_value=
ac_cv_env_CCC_set=
ac_cv_env_CCC_value=
ac_cv_env_CC_set=set
ac_cv_env_CC_value=gcc-8
ac_cv_env_CFLAGS_set=
ac_cv_env_CFLAGS_value=
ac_cv_env_CHECK_GMAKE_set=
ac_cv_env_CHECK_GMAKE_value=
ac_cv_env_CHECK_MAKE_set=
ac_cv_env_CHECK_MAKE_value=
ac_cv_env_CHECK_TOOLSDIR_GMAKE_set=
ac_cv_env_CHECK_TOOLSDIR_GMAKE_value=
ac_cv_env_CHECK_TOOLSDIR_MAKE_set=
ac_cv_env_CHECK_TOOLSDIR_MAKE_value=
ac_cv_env_CHMOD_set=
ac_cv_env_CHMOD_value=
ac_cv_env_CMD_set=
ac_cv_env_CMD_value=
ac_cv_env_CMP_set=
ac_cv_env_CMP_value=
ac_cv_env_CODESIGN_set=
ac_cv_env_CODESIGN_value=
ac_cv_env_CPPFLAGS_set=
ac_cv_env_CPPFLAGS_value=
ac_cv_env_CPP_set=
ac_cv_env_CPP_value=
ac_cv_env_CP_set=
ac_cv_env_CP_value=
ac_cv_env_CUT_set=
ac_cv_env_CUT_value=
ac_cv_env_CXXCPP_set=
ac_cv_env_CXXCPP_value=
ac_cv_env_CXXFILT_set=
ac_cv_env_CXXFILT_value=
ac_cv_env_CXXFLAGS_set=
ac_cv_env_CXXFLAGS_value=
ac_cv_env_CXX_set=set
ac_cv_env_CXX_value=g++-8
ac_cv_env_DATE_set=
ac_cv_env_DATE_value=
ac_cv_env_DF_set=
ac_cv_env_DF_value=
ac_cv_env_DIFF_set=
ac_cv_env_DIFF_value=
ac_cv_env_DOT_set=
ac_cv_env_DOT_value=
ac_cv_env_DSYMUTIL_set=
ac_cv_env_DSYMUTIL_value=
ac_cv_env_DTRACE_set=
ac_cv_env_DTRACE_value=
ac_cv_env_DUMPBIN_set=
ac_cv_env_DUMPBIN_value=
ac_cv_env_ECHO_set=
ac_cv_env_ECHO_value=
ac_cv_env_EGREP_set=
ac_cv_env_EGREP_value=
ac_cv_env_EXPR_set=
ac_cv_env_EXPR_value=
ac_cv_env_FGREP_set=
ac_cv_env_FGREP_value=
ac_cv_env_FIND_set=
ac_cv_env_FIND_value=
ac_cv_env_FLOCK_set=
ac_cv_env_FLOCK_value=
ac_cv_env_FREETYPE_CFLAGS_set=
ac_cv_env_FREETYPE_CFLAGS_value=
ac_cv_env_FREETYPE_LIBS_set=
ac_cv_env_FREETYPE_LIBS_value=
ac_cv_env_GIT_set=
ac_cv_env_GIT_value=
ac_cv_env_GREP_set=
ac_cv_env_GREP_value=
ac_cv_env_GUNZIP_set=
ac_cv_env_GUNZIP_value=
ac_cv_env_GZIP_set=
ac_cv_env_GZIP_value=
ac_cv_env_HARFBUZZ_CFLAGS_set=
ac_cv_env_HARFBUZZ_CFLAGS_value=
ac_cv_env_HARFBUZZ_LIBS_set=
ac_cv_env_HARFBUZZ_LIBS_value=
ac_cv_env_HEAD_set=
ac_cv_env_HEAD_value=
ac_cv_env_HG_set=
ac_cv_env_HG_value=
ac_cv_env_ICECC_CMD_set=
ac_cv_env_ICECC_CMD_value=
ac_cv_env_ICECC_CREATE_ENV_set=
ac_cv_env_ICECC_CREATE_ENV_value=
ac_cv_env_ICECC_WRAPPER_set=
ac_cv_env_ICECC_WRAPPER_value=
ac_cv_env_INSTALL_NAME_TOOL_set=
ac_cv_env_INSTALL_NAME_TOOL_value=
ac_cv_env_JAR_set=
ac_cv_env_JAR_value=
ac_cv_env_JAVAC_CHECK_set=
ac_cv_env_JAVAC_CHECK_value=
ac_cv_env_JAVAC_set=
ac_cv_env_JAVAC_value=
ac_cv_env_JAVADOC_set=
ac_cv_env_JAVADOC_value=
ac_cv_env_JAVA_CHECK_set=
ac_cv_env_JAVA_CHECK_value=
ac_cv_env_JAVA_set=
ac_cv_env_JAVA_value=
ac_cv_env_JTREGEXE_set=
ac_cv_env_JTREGEXE_value=
ac_cv_env_LCMS_CFLAGS_set=
ac_cv_env_LCMS_CFLAGS_value=
ac_cv_env_LCMS_LIBS_set=
ac_cv_env_LCMS_LIBS_value=
ac_cv_env_LDFLAGS_set=
ac_cv_env_LDFLAGS_value=
ac_cv_env_LD_set=
ac_cv_env_LD_value=
ac_cv_env_LIBFFI_CFLAGS_set=
ac_cv_env_LIBFFI_CFLAGS_value=
ac_cv_env_LIBFFI_LIBS_set=
ac_cv_env_LIBFFI_LIBS_value=
ac_cv_env_LIBS_set=
ac_cv_env_LIBS_value=
ac_cv_env_LIPO_set=
ac_cv_env_LIPO_value=
ac_cv_env_LN_set=
ac_cv_env_LN_value=
ac_cv_env_LSB_RELEASE_set=
ac_cv_env_LSB_RELEASE_value=
ac_cv_env_LS_set=
ac_cv_env_LS_value=
ac_cv_env_MAKE_set=
ac_cv_env_MAKE_value=
ac_cv_env_METALLIB_set=
ac_cv_env_METALLIB_value=
ac_cv_env_METAL_set=
ac_cv_env_METAL_value=
ac_cv_env_MIG_set=
ac_cv_env_MIG_value=
ac_cv_env_MKDIR_set=
ac_cv_env_MKDIR_value=
ac_cv_env_MKTEMP_set=
ac_cv_env_MKTEMP_value=
ac_cv_env_MT_set=
ac_cv_env_MT_value=
ac_cv_env_MV_set=
ac_cv_env_MV_value=
ac_cv_env_NICE_set=
ac_cv_env_NICE_value=
ac_cv_env_NM_set=
ac_cv_env_NM_value=
ac_cv_env_OBJCOPY_set=
ac_cv_env_OBJCOPY_value=
ac_cv_env_OBJDUMP_set=
ac_cv_env_OBJDUMP_value=
ac_cv_env_OTOOL_set=
ac_cv_env_OTOOL_value=
ac_cv_env_PANDOC_set=
ac_cv_env_PANDOC_value=
ac_cv_env_PATCH_set=
ac_cv_env_PATCH_value=
ac_cv_env_PATHTOOL_set=
ac_cv_env_PATHTOOL_value=
ac_cv_env_PKGHANDLER_set=
ac_cv_env_PKGHANDLER_value=
ac_cv_env_PKG_CONFIG_set=
ac_cv_env_PKG_CONFIG_value=
ac_cv_env_PNG_CFLAGS_set=
ac_cv_env_PNG_CFLAGS_value=
ac_cv_env_PNG_LIBS_set=
ac_cv_env_PNG_LIBS_value=
ac_cv_env_POTENTIAL_CC_set=
ac_cv_env_POTENTIAL_CC_value=
ac_cv_env_POTENTIAL_CXX_set=
ac_cv_env_POTENTIAL_CXX_value=
ac_cv_env_PRINTF_set=
ac_cv_env_PRINTF_value=
ac_cv_env_RC_set=
ac_cv_env_RC_value=
ac_cv_env_READELF_set=
ac_cv_env_READELF_value=
ac_cv_env_READLINK_set=
ac_cv_env_READLINK_value=
ac_cv_env_RMDIR_set=
ac_cv_env_RMDIR_value=
ac_cv_env_RM_set=
ac_cv_env_RM_value=
ac_cv_env_SED_set=
ac_cv_env_SED_value=
ac_cv_env_SETFILE_set=
ac_cv_env_SETFILE_value=
ac_cv_env_SH_set=
ac_cv_env_SH_value=
ac_cv_env_SORT_set=
ac_cv_env_SORT_value=
ac_cv_env_STAT_set=
ac_cv_env_STAT_value=
ac_cv_env_STRIP_set=
ac_cv_env_STRIP_value=
ac_cv_env_TAIL_set=
ac_cv_env_TAIL_value=
ac_cv_env_TAR_set=
ac_cv_env_TAR_value=
ac_cv_env_TEE_set=
ac_cv_env_TEE_value=
ac_cv_env_TIME_set=
ac_cv_env_TIME_value=
ac_cv_env_TOUCH_set=
ac_cv_env_TOUCH_value=
ac_cv_env_TR_set=
ac_cv_env_TR_value=
ac_cv_env_ULIMIT_set=
ac_cv_env_ULIMIT_value=
ac_cv_env_UNAME_set=
ac_cv_env_UNAME_value=
ac_cv_env_UNIQ_set=
ac_cv_env_UNIQ_value=
ac_cv_env_UNZIP_set=
ac_cv_env_UNZIP_value=
ac_cv_env_WC_set=
ac_cv_env_WC_value=
ac_cv_env_XARGS_set=
ac_cv_env_XARGS_value=
ac_cv_env_XATTR_set=
ac_cv_env_XATTR_value=
ac_cv_env_XCODEBUILD_set=
ac_cv_env_XCODEBUILD_value=
ac_cv_env_XMKMF_set=
ac_cv_env_XMKMF_value=
ac_cv_env_ZIPEXE_set=
ac_cv_env_ZIPEXE_value=
ac_cv_env_build_alias_set=
ac_cv_env_build_alias_value=
ac_cv_env_host_alias_set=
ac_cv_env_host_alias_value=
ac_cv_env_target_alias_set=
ac_cv_env_target_alias_value=
ac_cv_host=aarch64-unknown-linux-gnu
ac_cv_path_BASENAME=/usr/bin/basename
ac_cv_path_DIRNAME=/usr/bin/dirname
ac_cv_path_EGREP='/usr/bin/grep -E'
ac_cv_path_FGREP='/usr/bin/grep -F'
ac_cv_path_FILE=/usr/bin/file
ac_cv_path_GREP=/usr/bin/grep
ac_cv_path_LDD=/usr/bin/ldd
ac_cv_path_SED=/usr/bin/sed
ac_cv_path_ac_pt_PKG_CONFIG=/usr/bin/pkg-config
ac_cv_target=aarch64-unknown-linux-gnu

## ----------------- ##
## Output variables. ##
## ----------------- ##

ADLC_LANGSTD_CXXFLAGS=''
ADLC_LDFLAGS=''
ALLOW_ABSOLUTE_PATHS_IN_OUTPUT='false'
ALSA_CFLAGS=''
ALSA_LIBS=''
AR=''
ARFLAGS=''
AR_OUT_OPTION=''
AS=''
ASAN_ENABLED=''
ASFLAGS_DEBUG_SYMBOLS=''
AUTOCONF='/usr/bin/autoconf'
AWK='/usr/bin/gawk'
BASENAME='/usr/bin/basename'
BASH='/usr/bin/bash'
BASH_ARGS=' -o pipefail -e'
BASIC_ASFLAGS=''
BOOTCYCLE_JVM_ARGS_BIG=''
BOOT_JDK='/spare/openjdk/jdk16/jdk-16.0.2+7'
BOOT_JDK_JAR_SUPPORTS_DATE='false'
BOOT_JDK_SOURCETARGET='-source 16 -target 16 -Xlint:-options'
BUILDJDK_JAVA_FLAGS_SMALL=''
BUILD_AR=''
BUILD_AS=''
BUILD_CC=''
BUILD_CC_DISABLE_WARNING_PREFIX=''
BUILD_CDS_ARCHIVE=''
BUILD_CXX=''
BUILD_FAILURE_HANDLER=''
BUILD_ICECC=''
BUILD_JDK='$(JDK_OUTPUTDIR)'
BUILD_LD=''
BUILD_LDCXX=''
BUILD_MANPAGES=''
BUILD_NM=''
BUILD_OBJCOPY=''
BUILD_STRIP=''
BUILD_SYSROOT_CFLAGS=''
BUILD_SYSROOT_LDFLAGS=''
CACERTS_FILE=''
CACERTS_SRC=''
CAT='/usr/bin/cat'
CC='gcc-8'
CCACHE=''
CC_OUT_OPTION=''
CC_VERSION_NUMBER=''
CFLAGS='  -O3 -I/home1/private/perpap/teraheap/jdk17u067/../allocator/include -I/home1/private/perpap/teraheap/jdk17u067/../tera_malloc/include'
CFLAGS_CCACHE=''
CFLAGS_DEBUG_SYMBOLS=''
CFLAGS_JDKEXE=''
CFLAGS_JDKLIB=''
CFLAGS_WARNINGS_ARE_ERRORS=''
CHECK_GMAKE='/usr/bin/gmake'
CHECK_MAKE=''
CHECK_TOOLSDIR_GMAKE=''
CHECK_TOOLSDIR_MAKE=''
CHMOD='/usr/bin/chmod'
CMD=''
CMP='/usr/bin/cmp'
CODESIGN=''
COMPANY_NAME='N/A'
COMPILER_BINDCMD_FILE_FLAG=''
COMPILER_COMMAND_FILE_FLAG=''
COMPILER_SUPPORTS_TARGET_BITS_FLAG=''
COMPILER_TARGET_BITS_FLAG=''
COMPILE_TYPE='native'
COMPILE_WITH_DEBUG_SYMBOLS=''
COMPRESS_JARS='false'
CONFIGURESUPPORT_OUTPUTDIR='/home1/private/perpap/teraheap/jdk17u067/build/linux-aarch64-server-release/configure-support'
CONFIGURE_COMMAND_LINE='--with-debug-level=release --disable-warnings-as-errors --enable-ccache --with-jobs=160 --with-extra-cflags='\''-O3 -I/home1/private/perpap/teraheap/jdk17u067/../allocator/include -I/home1/private/perpap/teraheap/jdk17u067/../tera_malloc/include'\'' --with-extra-cxxflags='\''-O3 -I/home1/private/perpap/teraheap/jdk17u067/../allocator/include -I/home1/private/perpap/teraheap/jdk17u067/../tera_malloc/include'\'' --with-target-bits=64 --with-boot-jdk=/spare/openjdk/jdk16/jdk-16.0.2+7'
CONFIGURE_START_DIR='/home1/private/perpap/teraheap/jdk17u067'
CONF_NAME='linux-aarch64-server-release'
COPYRIGHT_YEAR='2023'
COPY_DEBUG_SYMBOLS=''
CP='/usr/bin/cp'
CPP=''
CPPFLAGS=''
CREATE_BUILDJDK='false'
CUPS_CFLAGS=''
CUT='/usr/bin/cut'
CXX='g++-8'
CXXCPP=''
CXXFILT=''
CXXFLAGS='  -O3 -I/home1/private/perpap/teraheap/jdk17u067/../allocator/include -I/home1/private/perpap/teraheap/jdk17u067/../tera_malloc/include'
CXXFLAGS_JDKEXE=''
CXXFLAGS_JDKLIB=''
CXX_O_FLAG_HI=''
CXX_O_FLAG_HIGHEST=''
CXX_O_FLAG_HIGHEST_JVM=''
CXX_O_FLAG_NONE=''
CXX_O_FLAG_NORM=''
CXX_O_FLAG_SIZE=''
CXX_VERSION_NUMBER=''
C_O_FLAG_HI=''
C_O_FLAG_HIGHEST=''
C_O_FLAG_HIGHEST_JVM=''
C_O_FLAG_NONE=''
C_O_FLAG_NORM=''
C_O_FLAG_SIZE=''
DATE='/usr/bin/date'
DATE_WHEN_CONFIGURED='Tue Nov 14 17:01:22 CET 2023'
DEBUG_LEVEL='release'
DEFAULT_LOG=''
DEFAULT_MAKE_TARGET='exploded-image'
DEFINE_CROSS_COMPILE_ARCH=''
DEFS=''
DEVKIT_LIB_DIR=''
DF='/usr/bin/df'
DIFF='/usr/bin/diff'
DIRNAME='/usr/bin/dirname'
DISABLED_WARNINGS=''
DISABLED_WARNINGS_C=''
DISABLED_WARNINGS_CXX=''
DISABLE_WARNING_PREFIX=''
DOCS_REFERENCE_JAVADOC=''
DOT='/usr/bin/dot'
DSYMUTIL=''
DTRACE='/usr/bin/dtrace'
DUMPBIN=''
ECHO='echo'
ECHO_C=''
ECHO_N='-n'
ECHO_T=''
EGREP='/usr/bin/grep -E'
ENABLE_COMPATIBLE_CDS_ALIGNMENT=''
ENABLE_FULL_DOCS='false'
ENABLE_GENERATE_CLASSLIST=''
ENABLE_HEADLESS_ONLY='false'
ENABLE_JAVAC_SERVER=''
ENABLE_LIBFFI_BUNDLING=''
ENABLE_LINKTIME_GC='false'
ENABLE_PANDOC='false'
ENABLE_REPRODUCIBLE_BUILD=''
EXCLUDE_TRANSLATIONS=''
EXECUTABLE_SUFFIX=''
EXEEXT=''
EXPR='/usr/bin/expr'
EXTERNAL_BUILDJDK='false'
EXTRA_ASFLAGS=''
EXTRA_CFLAGS=' -O3 -I/home1/private/perpap/teraheap/jdk17u067/../allocator/include -I/home1/private/perpap/teraheap/jdk17u067/../tera_malloc/include'
EXTRA_CXXFLAGS=' -O3 -I/home1/private/perpap/teraheap/jdk17u067/../allocator/include -I/home1/private/perpap/teraheap/jdk17u067/../tera_malloc/include'
EXTRA_LDFLAGS=' '
FDLIBM_CFLAGS=''
FGREP='/usr/bin/grep -F'
FILE='/usr/bin/file'
FILE_MACRO_CFLAGS=''
FIND='/usr/bin/find'
FIND_DELETE='-delete'
FIXPATH=''
FIXPATH_BASE=''
FLOCK='/usr/bin/flock'
FONTCONFIG_CFLAGS=''
FREETYPE_CFLAGS=''
FREETYPE_LIBS=''
FREETYPE_TO_USE=''
GCOV_ENABLED=''
GENDEPS_FLAGS=''
GIT='/usr/bin/git'
GNM=''
GREP='/usr/bin/grep'
GTEST_FRAMEWORK_SRC=''
GUNZIP='/usr/bin/gunzip'
GZIP='/usr/bin/pigz'
HARFBUZZ_CFLAGS=''
HARFBUZZ_LIBS=''
HEAD='/usr/bin/head'
HG=''
HOTSPOT_BUILD_CPU='aarch64'
HOTSPOT_BUILD_CPU_ARCH='aarch64'
HOTSPOT_BUILD_CPU_DEFINE='AARCH64'
HOTSPOT_BUILD_LIBC='gnu'
HOTSPOT_BUILD_OS='linux'
HOTSPOT_BUILD_OS_TYPE='posix'
HOTSPOT_BUILD_TIME=''
HOTSPOT_DEBUG_LEVEL='product'
HOTSPOT_OVERRIDE_LIBPATH=''
HOTSPOT_TARGET_CPU='aarch64'
HOTSPOT_TARGET_CPU_ARCH='aarch64'
HOTSPOT_TARGET_CPU_DEFINE='AARCH64'
HOTSPOT_TARGET_LIBC='gnu'
HOTSPOT_TARGET_OS='linux'
HOTSPOT_TARGET_OS_TYPE='posix'
HOTSPOT_TOOLCHAIN_TYPE=''
HOTSPOT_VM_DISTRO='OpenJDK'
ICECC=''
ICECC_CMD=''
ICECC_CREATE_ENV=''
ICECC_WRAPPER=''
IMPORT_MODULES_CLASSES=''
IMPORT_MODULES_CMDS=''
IMPORT_MODULES_CONF=''
IMPORT_MODULES_LEGAL=''
IMPORT_MODULES_LIBS=''
IMPORT_MODULES_MAKE=''
IMPORT_MODULES_MAN=''
IMPORT_MODULES_SRC=''
INCLUDE_COMPILER2=''
INCLUDE_JVMCI=''
INCLUDE_SA='true'
INSTALL_NAME_TOOL=''
IS_GNU_DATE='yes'
IS_GNU_TIME='no'
JAR='/spare/openjdk/jdk16/jdk-16.0.2+7/bin/jar'
JAVA='/spare/openjdk/jdk16/jdk-16.0.2+7/bin/java'
JAVAC='/spare/openjdk/jdk16/jdk-16.0.2+7/bin/javac'
JAVAC_CHECK=''
JAVADOC='/spare/openjdk/jdk16/jdk-16.0.2+7/bin/javadoc'
JAVA_CHECK=''
JAVA_FLAGS=''
JAVA_FLAGS_BIG=''
JAVA_FLAGS_SMALL=''
JAVA_TOOL_FLAGS_SMALL=''
JCOV_ENABLED=''
JCOV_FILTERS=''
JCOV_HOME=''
JCOV_INPUT_JDK=''
JDKEXE_LIBS=''
JDKLIB_LIBS=''
JDK_ARCH_ABI_PROP_NAME=''
JDK_RC_NAME='OpenJDK Platform'
JDK_RC_PLATFORM_NAME='Platform'
JDK_SOURCE_TARGET_VERSION='17'
JIB_HOME=''
JLINK='$(JDK_OUTPUTDIR)/bin/jlink'
JLINK_KEEP_PACKAGED_MODULES='true'
JMH_COMMONS_MATH_JAR=''
JMH_CORE_JAR=''
JMH_GENERATOR_JAR=''
JMH_JOPT_SIMPLE_JAR=''
JMH_VERSION=''
JMOD='$(JDK_OUTPUTDIR)/bin/jmod'
JOBS=''
JTREGEXE=''
JT_HOME=''
JVM_ASFLAGS=''
JVM_CFLAGS=''
JVM_FEATURES_client=''
JVM_FEATURES_core=''
JVM_FEATURES_custom=''
JVM_FEATURES_minimal=''
JVM_FEATURES_server=''
JVM_FEATURES_zero=''
JVM_LDFLAGS=''
JVM_LIBS=''
JVM_VARIANTS='server'
JVM_VARIANT_MAIN='server'
LAUNCHER_NAME='openjdk'
LCMS_CFLAGS=''
LCMS_LIBS=''
LD=''
LDCXX=''
LDD='/usr/bin/ldd'
LDFLAGS='  '
LDFLAGS_CXX_JDK=''
LDFLAGS_JDKEXE=''
LDFLAGS_JDKLIB=''
LDFLAGS_TESTEXE=''
LD_OUT_OPTION=''
LIBCXX=''
LIBDL=''
LIBFFI_CFLAGS=''
LIBFFI_LIBS=''
LIBFFI_LIB_FILE=''
LIBM=''
LIBOBJS=''
LIBRARY_PREFIX='lib'
LIBS=''
LIBZIP_CAN_USE_MMAP=''
LIBZ_CFLAGS=''
LIBZ_LIBS=''
LIPO=''
LN='/usr/bin/ln'
LS='/usr/bin/ls'
LSB_RELEASE=''
LTLIBOBJS=''
MACOSX_BUNDLE_BUILD_VERSION='0'
MACOSX_BUNDLE_ID_BASE='net.java.openjdk-internal'
MACOSX_BUNDLE_NAME_BASE='OpenJDK'
MACOSX_CODESIGN_IDENTITY=''
MACOSX_CODESIGN_MODE=''
MACOSX_VERSION_MAX=''
MACOSX_VERSION_MIN=''
MAKE='/usr/bin/gmake'
MEMORY_SIZE=''
METAL=''
METALLIB=''
MIG=''
MKDIR='/usr/bin/mkdir'
MKTEMP='/usr/bin/mktemp'
MSVCP_DLL=''
MSVCR_DLL=''
MT=''
MV='/usr/bin/mv'
NICE='/usr/bin/nice'
NM=''
NUM_CORES=''
OBJCOPY=''
OBJDUMP=''
OBJEXT=''
OBJ_SUFFIX='.o'
OPENJDK_BUILD_ABI='gnu'
OPENJDK_BUILD_ADLC_LANGSTD_CXXFLAGS=''
OPENJDK_BUILD_AUTOCONF_NAME='aarch64-unknown-linux-gnu'
OPENJDK_BUILD_BUNDLE_PLATFORM='linux-aarch64'
OPENJDK_BUILD_CFLAGS_JDKEXE=''
OPENJDK_BUILD_CFLAGS_JDKLIB=''
OPENJDK_BUILD_CPU='aarch64'
OPENJDK_BUILD_CPU_ARCH='aarch64'
OPENJDK_BUILD_CPU_AUTOCONF='aarch64'
OPENJDK_BUILD_CPU_BITS='64'
OPENJDK_BUILD_CPU_ENDIAN='little'
OPENJDK_BUILD_CPU_LEGACY='aarch64'
OPENJDK_BUILD_CPU_LEGACY_LIB='aarch64'
OPENJDK_BUILD_CPU_OSARCH='aarch64'
OPENJDK_BUILD_CXXFLAGS_JDKEXE=''
OPENJDK_BUILD_CXXFLAGS_JDKLIB=''
OPENJDK_BUILD_FDLIBM_CFLAGS=''
OPENJDK_BUILD_JDKLIB_LIBS=''
OPENJDK_BUILD_JVM_ASFLAGS=''
OPENJDK_BUILD_JVM_CFLAGS=''
OPENJDK_BUILD_JVM_LDFLAGS=''
OPENJDK_BUILD_JVM_LIBS=''
OPENJDK_BUILD_LDFLAGS_JDKEXE=''
OPENJDK_BUILD_LDFLAGS_JDKLIB=''
OPENJDK_BUILD_LIBC='gnu'
OPENJDK_BUILD_OS='linux'
OPENJDK_BUILD_OS_ENV='linux'
OPENJDK_BUILD_OS_INCLUDE_SUBDIR='linux'
OPENJDK_BUILD_OS_TYPE='unix'
OPENJDK_MODULE_TARGET_PLATFORM='linux-aarch64'
OPENJDK_TARGET_ABI='gnu'
OPENJDK_TARGET_AUTOCONF_NAME='aarch64-unknown-linux-gnu'
OPENJDK_TARGET_BUNDLE_PLATFORM='linux-aarch64'
OPENJDK_TARGET_CPU='aarch64'
OPENJDK_TARGET_CPU_ARCH='aarch64'
OPENJDK_TARGET_CPU_AUTOCONF='aarch64'
OPENJDK_TARGET_CPU_BITS='64'
OPENJDK_TARGET_CPU_ENDIAN='little'
OPENJDK_TARGET_CPU_LEGACY='aarch64'
OPENJDK_TARGET_CPU_LEGACY_LIB='aarch64'
OPENJDK_TARGET_CPU_OSARCH='aarch64'
OPENJDK_TARGET_LIBC='gnu'
OPENJDK_TARGET_OS='linux'
OPENJDK_TARGET_OS_ENV='linux'
OPENJDK_TARGET_OS_INCLUDE_SUBDIR='linux'
OPENJDK_TARGET_OS_TYPE='unix'
OPENJDK_TARGET_OS_UPPERCASE='LINUX'
ORIGINAL_PATH='/home1/private/perpap/teraheap/jdk17u067/../tera_malloc/include:/home1/private/perpap/teraheap/jdk17u067/../allocator/include:/home1/private/perpap/teraheap/allocator/include/:/home1/private/perpap/teraheap/allocator/include/:/home1/private/perpap/teraheap/allocator/include/:/home1/private/perpap/teraheap/allocator/include/:/usr/share/Modules/bin:/usr/local/bin:/usr/bin:/usr/local/sbin:/usr/sbin:/home1/private/perpap/bin'
OS_VERSION_MAJOR='4'
OS_VERSION_MICRO='0'
OS_VERSION_MINOR='18'
OTOOL=''
OUTPUTDIR='/home1/private/perpap/teraheap/jdk17u067/build/linux-aarch64-server-release'
OUTPUT_SYNC='recurse'
OUTPUT_SYNC_SUPPORTED='true'
PACKAGE_BUGREPORT='build-dev@openjdk.java.net'
PACKAGE_NAME='OpenJDK'
PACKAGE_STRING='OpenJDK openjdk'
PACKAGE_TARNAME='openjdk'
PACKAGE_URL='http://openjdk.java.net'
PACKAGE_VERSION='openjdk'
PANDOC=''
PANDOC_MARKDOWN_FLAG='markdown'
PATCH='/usr/bin/patch'
PATHTOOL=''
PATH_SEPARATOR=':'
PKGHANDLER='/usr/bin/yum'
PKG_CONFIG='/usr/bin/pkg-config'
PNG_CFLAGS=''
PNG_LIBS=''
POTENTIAL_CC=''
POTENTIAL_CXX=''
PRINTF='printf'
PRODUCT_NAME='OpenJDK'
PRODUCT_SUFFIX='Runtime Environment'
RC=''
RCFLAGS=''
READELF='/usr/bin/readelf'
READLINK='/usr/bin/readlink'
RELEASE_FILE_LIBC='gnu'
RELEASE_FILE_OS_ARCH='aarch64'
RELEASE_FILE_OS_NAME='Linux'
RM='/usr/bin/rm -f'
RMDIR='/usr/bin/rmdir'
SDKROOT=''
SED='/usr/bin/sed'
SETFILE=''
SET_EXECUTABLE_ORIGIN=''
SET_SHARED_LIBRARY_MAPFILE=''
SET_SHARED_LIBRARY_NAME=''
SET_SHARED_LIBRARY_ORIGIN=''
SH='/usr/bin/sh'
SHARED_LIBRARY='lib$1.so'
SHARED_LIBRARY_FLAGS=''
SHARED_LIBRARY_SUFFIX='.so'
SHELL='/usr/bin/bash'
SHIP_DEBUG_SYMBOLS=''
SORT='/usr/bin/sort'
SOURCE_DATE=''
SPEC='/home1/private/perpap/teraheap/jdk17u067/build/linux-aarch64-server-release/spec.gmk'
STAT='/usr/bin/stat'
STATIC_BUILD='false'
STATIC_LIBRARY='lib$1.a'
STATIC_LIBRARY_SUFFIX='.a'
STATIC_LIBS_CFLAGS=''
STRIP=''
STRIPFLAGS=''
SYSROOT_CFLAGS=''
SYSROOT_LDFLAGS=''
TAIL='/usr/bin/tail'
TAR='/usr/bin/gtar'
TAR_INCLUDE_PARAM='T'
TAR_SUPPORTS_TRANSFORM='true'
TAR_TYPE='gnu'
TEE='/usr/bin/tee'
TEST_JOBS=''
TIME='time'
TOOLCHAIN_PATH=''
TOOLCHAIN_TYPE='gcc'
TOOLCHAIN_VERSION=''
TOPDIR='/home1/private/perpap/teraheap/jdk17u067'
TOUCH='/usr/bin/touch'
TR='/usr/bin/tr'
UCRT_DLL_DIR=''
ULIMIT='ulimit'
UNAME='/usr/bin/uname'
UNIQ='/usr/bin/uniq'
UNLIMITED_CRYPTO='true'
UNZIP='/usr/bin/unzip'
USERNAME='perpap'
USE_EXTERNAL_HARFBUZZ=''
USE_EXTERNAL_LCMS=''
USE_EXTERNAL_LIBGIF=''
USE_EXTERNAL_LIBJPEG=''
USE_EXTERNAL_LIBPNG=''
USE_EXTERNAL_LIBZ=''
USE_PRECOMPILED_HEADER=''
VALID_JVM_FEATURES=''
VALID_JVM_VARIANTS='server client minimal core zero custom'
VCRUNTIME_1_DLL=''
VENDOR_URL='https://openjdk.java.net/'
VENDOR_URL_BUG='https://bugreport.java.com/bugreport/'
VENDOR_URL_VM_BUG='https://bugreport.java.com/bugreport/crash.jsp'
VENDOR_VERSION_STRING=''
VERSION_BUILD='0'
VERSION_CLASSFILE_MAJOR='61'
VERSION_CLASSFILE_MINOR='0'
VERSION_DATE='2023-01-17'
VERSION_DOCS_API_SINCE='11'
VERSION_EXTRA1='0'
VERSION_EXTRA2='0'
VERSION_EXTRA3='0'
VERSION_FEATURE='17'
VERSION_INTERIM='0'
VERSION_IS_GA='false'
VERSION_NUMBER='17.0.6'
VERSION_NUMBER_FOUR_POSITIONS='17.0.6.0'
VERSION_OPT='adhoc.perpap.jdk17u067'
VERSION_PATCH='0'
VERSION_PRE='internal'
VERSION_SHORT='17.0.6-internal'
VERSION_STRING='17.0.6-internal+0-adhoc.perpap.jdk17u067'
VERSION_UPDATE='6'
WARNINGS_AS_ERRORS=''
WC='/usr/bin/wc'
WINENV_PREFIX=''
WINENV_ROOT=''
WORKSPACE_ROOT='/home1/private/perpap/teraheap/jdk17u067'
XARGS='/usr/bin/xargs'
XATTR=''
XCODEBUILD=''
XMKMF=''
X_CFLAGS=''
X_EXTRA_LIBS=''
X_LIBS=''
X_PRE_LIBS=''
ZIPEXE='/usr/bin/zip'
ZIP_EXTERNAL_DEBUG_SYMBOLS=''
ac_ct_CC=''
ac_ct_CXX=''
bindir='${exec_prefix}/bin'
build='aarch64-unknown-linux-gnu'
build_alias=''
build_cpu='aarch64'
build_os='linux-gnu'
build_vendor='unknown'
datadir='${datarootdir}'
datarootdir='${prefix}/share'
docdir='${datarootdir}/doc/${PACKAGE_TARNAME}'
dvidir='${docdir}'
exec_prefix='NONE'
host='aarch64-unknown-linux-gnu'
host_alias=''
host_cpu='aarch64'
host_os='linux-gnu'
host_vendor='unknown'
htmldir='${docdir}'
includedir='${prefix}/include'
infodir='${datarootdir}/info'
libdir='${exec_prefix}/lib'
libexecdir='${exec_prefix}/libexec'
localedir='${datarootdir}/locale'
localstatedir='${prefix}/var'
mandir='${datarootdir}/man'
oldincludedir='/usr/include'
pdfdir='${docdir}'
prefix='NONE'
program_transform_name='s,x,x,'
psdir='${docdir}'
sbindir='${exec_prefix}/sbin'
sharedstatedir='${prefix}/com'
sysconfdir='${prefix}/etc'
target='aarch64-unknown-linux-gnu'
target_alias=''
target_cpu='aarch64'
target_os='linux-gnu'
target_vendor='unknown'

## ----------- ##
## confdefs.h. ##
## ----------- ##

/* confdefs.h */
#define PACKAGE_NAME "OpenJDK"
#define PACKAGE_TARNAME "openjdk"
#define PACKAGE_VERSION "openjdk"
#define PACKAGE_STRING "OpenJDK openjdk"
#define PACKAGE_BUGREPORT "build-dev@openjdk.java.net"
#define PACKAGE_URL "http://openjdk.java.net"

configure: exit 1
